{"C:\\Users\\thien\\Work\\cmc-assignment\\order-capturing-service\\app\\index.js": {"path":"C:\\Users\\thien\\Work\\cmc-assignment\\order-capturing-service\\app\\index.js","statementMap":{"0":{"start":{"line":1,"column":0},"end":{"line":1,"column":27}},"1":{"start":{"line":2,"column":31},"end":{"line":2,"column":84}},"2":{"start":{"line":3,"column":21},"end":{"line":3,"column":49}},"3":{"start":{"line":4,"column":30},"end":{"line":4,"column":74}},"4":{"start":{"line":6,"column":0},"end":{"line":6,"column":15}},"5":{"start":{"line":8,"column":0},"end":{"line":8,"column":53}}},"fnMap":{},"branchMap":{},"s":{"0":1,"1":1,"2":1,"3":1,"4":1,"5":1},"f":{},"b":{},"_coverageSchema":"1a1c01bbd47fc00a2c39e90264f33305004495a9","hash":"d7b6eeb2e0b8f8f676126f9ca0e564feec66e570","contentHash":"94db9329b21c794ccdda877ae67aa44fdd24fac1b165379c67a2cf964a6733ef"}
,"C:\\Users\\thien\\Work\\cmc-assignment\\order-capturing-service\\app\\logger.js": {"path":"C:\\Users\\thien\\Work\\cmc-assignment\\order-capturing-service\\app\\logger.js","statementMap":{"0":{"start":{"line":4,"column":2},"end":{"line":4,"column":49}},"1":{"start":{"line":5,"column":2},"end":{"line":8,"column":4}},"2":{"start":{"line":12,"column":16},"end":{"line":12,"column":47}},"3":{"start":{"line":14,"column":2},"end":{"line":28,"column":3}},"4":{"start":{"line":16,"column":6},"end":{"line":18,"column":7}},"5":{"start":{"line":17,"column":8},"end":{"line":17,"column":56}},"6":{"start":{"line":21,"column":6},"end":{"line":23,"column":7}},"7":{"start":{"line":22,"column":8},"end":{"line":22,"column":55}},"8":{"start":{"line":26,"column":6},"end":{"line":26,"column":74}},"9":{"start":{"line":31,"column":0},"end":{"line":31,"column":36}}},"fnMap":{"0":{"name":"log","decl":{"start":{"line":2,"column":9},"end":{"line":2,"column":12}},"loc":{"start":{"line":2,"column":48},"end":{"line":9,"column":1}},"line":2},"1":{"name":"createLogger","decl":{"start":{"line":11,"column":9},"end":{"line":11,"column":21}},"loc":{"start":{"line":11,"column":27},"end":{"line":29,"column":1}},"line":11},"2":{"name":"(anonymous_2)","decl":{"start":{"line":15,"column":4},"end":{"line":15,"column":5}},"loc":{"start":{"line":15,"column":34},"end":{"line":19,"column":5}},"line":15},"3":{"name":"(anonymous_3)","decl":{"start":{"line":20,"column":4},"end":{"line":20,"column":5}},"loc":{"start":{"line":20,"column":33},"end":{"line":24,"column":5}},"line":20},"4":{"name":"(anonymous_4)","decl":{"start":{"line":25,"column":4},"end":{"line":25,"column":5}},"loc":{"start":{"line":25,"column":34},"end":{"line":27,"column":5}},"line":25}},"branchMap":{"0":{"loc":{"start":{"line":12,"column":16},"end":{"line":12,"column":47}},"type":"binary-expr","locations":[{"start":{"line":12,"column":16},"end":{"line":12,"column":37}},{"start":{"line":12,"column":41},"end":{"line":12,"column":47}}],"line":12},"1":{"loc":{"start":{"line":16,"column":6},"end":{"line":18,"column":7}},"type":"if","locations":[{"start":{"line":16,"column":6},"end":{"line":18,"column":7}},{"start":{"line":16,"column":6},"end":{"line":18,"column":7}}],"line":16},"2":{"loc":{"start":{"line":21,"column":6},"end":{"line":23,"column":7}},"type":"if","locations":[{"start":{"line":21,"column":6},"end":{"line":23,"column":7}},{"start":{"line":21,"column":6},"end":{"line":23,"column":7}}],"line":21},"3":{"loc":{"start":{"line":26,"column":33},"end":{"line":26,"column":49}},"type":"binary-expr","locations":[{"start":{"line":26,"column":33},"end":{"line":26,"column":42}},{"start":{"line":26,"column":46},"end":{"line":26,"column":49}}],"line":26}},"s":{"0":16,"1":16,"2":3,"3":3,"4":0,"5":0,"6":16,"7":16,"8":0,"9":1},"f":{"0":16,"1":3,"2":0,"3":16,"4":0},"b":{"0":[3,3],"1":[0,0],"2":[16,0],"3":[0,0]},"_coverageSchema":"1a1c01bbd47fc00a2c39e90264f33305004495a9","hash":"e0f62bbe00448915a461d741aef4d25be891b42a","contentHash":"ceec91cc8b4a9c054b582d70c312badcf57989b48e0488a1d9d8fb68940c7c04"}
,"C:\\Users\\thien\\Work\\cmc-assignment\\order-capturing-service\\app\\api\\http\\client\\account-client.js": {"path":"C:\\Users\\thien\\Work\\cmc-assignment\\order-capturing-service\\app\\api\\http\\client\\account-client.js","statementMap":{"0":{"start":{"line":1,"column":14},"end":{"line":1,"column":38}},"1":{"start":{"line":3,"column":20},"end":{"line":3,"column":70}},"2":{"start":{"line":5,"column":16},"end":{"line":5,"column":54}},"3":{"start":{"line":7,"column":2},"end":{"line":11,"column":23}},"4":{"start":{"line":11,"column":15},"end":{"line":11,"column":21}},"5":{"start":{"line":14,"column":0},"end":{"line":16,"column":1}}},"fnMap":{"0":{"name":"getAccountById","decl":{"start":{"line":6,"column":9},"end":{"line":6,"column":23}},"loc":{"start":{"line":6,"column":50},"end":{"line":12,"column":1}},"line":6},"1":{"name":"(anonymous_1)","decl":{"start":{"line":11,"column":10},"end":{"line":11,"column":11}},"loc":{"start":{"line":11,"column":15},"end":{"line":11,"column":21}},"line":11}},"branchMap":{"0":{"loc":{"start":{"line":3,"column":20},"end":{"line":3,"column":70}},"type":"binary-expr","locations":[{"start":{"line":3,"column":20},"end":{"line":3,"column":43}},{"start":{"line":3,"column":47},"end":{"line":3,"column":70}}],"line":3}},"s":{"0":1,"1":1,"2":1,"3":2,"4":2,"5":1},"f":{"0":2,"1":2},"b":{"0":[1,1]},"_coverageSchema":"1a1c01bbd47fc00a2c39e90264f33305004495a9","hash":"cd9adbb15d257b58593e58fb7e1d6ed3f3fc1057","contentHash":"c9d34cbecdf919d3bc27a1ea115420cf62af1f85e9278038890614d5aba63427"}
,"C:\\Users\\thien\\Work\\cmc-assignment\\order-capturing-service\\app\\api\\http\\client\\inventory-client.js": {"path":"C:\\Users\\thien\\Work\\cmc-assignment\\order-capturing-service\\app\\api\\http\\client\\inventory-client.js","statementMap":{"0":{"start":{"line":1,"column":14},"end":{"line":1,"column":38}},"1":{"start":{"line":3,"column":22},"end":{"line":3,"column":74}},"2":{"start":{"line":5,"column":18},"end":{"line":5,"column":58}},"3":{"start":{"line":8,"column":2},"end":{"line":12,"column":23}},"4":{"start":{"line":12,"column":15},"end":{"line":12,"column":21}},"5":{"start":{"line":15,"column":0},"end":{"line":17,"column":1}}},"fnMap":{"0":{"name":"getItemById","decl":{"start":{"line":7,"column":9},"end":{"line":7,"column":20}},"loc":{"start":{"line":7,"column":45},"end":{"line":13,"column":1}},"line":7},"1":{"name":"(anonymous_1)","decl":{"start":{"line":12,"column":10},"end":{"line":12,"column":11}},"loc":{"start":{"line":12,"column":15},"end":{"line":12,"column":21}},"line":12}},"branchMap":{"0":{"loc":{"start":{"line":3,"column":22},"end":{"line":3,"column":74}},"type":"binary-expr","locations":[{"start":{"line":3,"column":22},"end":{"line":3,"column":47}},{"start":{"line":3,"column":51},"end":{"line":3,"column":74}}],"line":3}},"s":{"0":1,"1":1,"2":1,"3":2,"4":2,"5":1},"f":{"0":2,"1":2},"b":{"0":[1,1]},"_coverageSchema":"1a1c01bbd47fc00a2c39e90264f33305004495a9","hash":"81b5be1fd75ce968f125c03ccda5f581c57181ca","contentHash":"7d4e58bd2520b1df35a661461e9e02b880ee15bf1067db29622ad3800a0a6ebf"}
,"C:\\Users\\thien\\Work\\cmc-assignment\\order-capturing-service\\app\\api\\http\\server\\index.js": {"path":"C:\\Users\\thien\\Work\\cmc-assignment\\order-capturing-service\\app\\api\\http\\server\\index.js","statementMap":{"0":{"start":{"line":1,"column":19},"end":{"line":1,"column":41}},"1":{"start":{"line":2,"column":15},"end":{"line":2,"column":32}},"2":{"start":{"line":3,"column":16},"end":{"line":3,"column":34}},"3":{"start":{"line":4,"column":21},"end":{"line":4,"column":53}},"4":{"start":{"line":5,"column":23},"end":{"line":5,"column":38}},"5":{"start":{"line":7,"column":25},"end":{"line":7,"column":51}},"6":{"start":{"line":8,"column":15},"end":{"line":8,"column":34}},"7":{"start":{"line":10,"column":15},"end":{"line":10,"column":50}},"8":{"start":{"line":18,"column":2},"end":{"line":18,"column":55}},"9":{"start":{"line":19,"column":2},"end":{"line":19,"column":64}},"10":{"start":{"line":23,"column":14},"end":{"line":23,"column":23}},"11":{"start":{"line":25,"column":15},"end":{"line":25,"column":39}},"12":{"start":{"line":26,"column":17},"end":{"line":28,"column":4}},"13":{"start":{"line":27,"column":4},"end":{"line":27,"column":68}},"14":{"start":{"line":30,"column":2},"end":{"line":30,"column":20}},"15":{"start":{"line":32,"column":2},"end":{"line":32,"column":53}},"16":{"start":{"line":35,"column":2},"end":{"line":35,"column":28}},"17":{"start":{"line":39,"column":2},"end":{"line":42,"column":5}},"18":{"start":{"line":40,"column":4},"end":{"line":40,"column":68}},"19":{"start":{"line":41,"column":4},"end":{"line":41,"column":11}},"20":{"start":{"line":45,"column":2},"end":{"line":57,"column":5}},"21":{"start":{"line":46,"column":4},"end":{"line":49,"column":7}},"22":{"start":{"line":50,"column":4},"end":{"line":55,"column":7}},"23":{"start":{"line":51,"column":6},"end":{"line":54,"column":9}},"24":{"start":{"line":56,"column":4},"end":{"line":56,"column":11}},"25":{"start":{"line":59,"column":2},"end":{"line":59,"column":48}},"26":{"start":{"line":59,"column":31},"end":{"line":59,"column":46}},"27":{"start":{"line":61,"column":2},"end":{"line":61,"column":18}},"28":{"start":{"line":63,"column":2},"end":{"line":69,"column":3}},"29":{"start":{"line":64,"column":4},"end":{"line":68,"column":6}},"30":{"start":{"line":65,"column":6},"end":{"line":65,"column":21}},"31":{"start":{"line":66,"column":6},"end":{"line":66,"column":33}},"32":{"start":{"line":67,"column":6},"end":{"line":67,"column":22}},"33":{"start":{"line":71,"column":2},"end":{"line":73,"column":4}},"34":{"start":{"line":72,"column":4},"end":{"line":72,"column":65}},"35":{"start":{"line":76,"column":0},"end":{"line":76,"column":30}}},"fnMap":{"0":{"name":"initRoutes","decl":{"start":{"line":17,"column":9},"end":{"line":17,"column":19}},"loc":{"start":{"line":17,"column":25},"end":{"line":20,"column":1}},"line":17},"1":{"name":"createServer","decl":{"start":{"line":22,"column":9},"end":{"line":22,"column":21}},"loc":{"start":{"line":22,"column":24},"end":{"line":74,"column":1}},"line":22},"2":{"name":"(anonymous_2)","decl":{"start":{"line":26,"column":34},"end":{"line":26,"column":35}},"loc":{"start":{"line":26,"column":40},"end":{"line":28,"column":3}},"line":26},"3":{"name":"(anonymous_3)","decl":{"start":{"line":39,"column":10},"end":{"line":39,"column":11}},"loc":{"start":{"line":39,"column":30},"end":{"line":42,"column":3}},"line":39},"4":{"name":"(anonymous_4)","decl":{"start":{"line":45,"column":10},"end":{"line":45,"column":11}},"loc":{"start":{"line":45,"column":30},"end":{"line":57,"column":3}},"line":45},"5":{"name":"(anonymous_5)","decl":{"start":{"line":50,"column":21},"end":{"line":50,"column":22}},"loc":{"start":{"line":50,"column":36},"end":{"line":55,"column":5}},"line":50},"6":{"name":"(anonymous_6)","decl":{"start":{"line":59,"column":19},"end":{"line":59,"column":20}},"loc":{"start":{"line":59,"column":31},"end":{"line":59,"column":46}},"line":59},"7":{"name":"(anonymous_7)","decl":{"start":{"line":64,"column":25},"end":{"line":64,"column":26}},"loc":{"start":{"line":64,"column":32},"end":{"line":68,"column":5}},"line":64},"8":{"name":"(anonymous_8)","decl":{"start":{"line":71,"column":10},"end":{"line":71,"column":11}},"loc":{"start":{"line":71,"column":35},"end":{"line":73,"column":3}},"line":71}},"branchMap":{"0":{"loc":{"start":{"line":25,"column":15},"end":{"line":25,"column":39}},"type":"binary-expr","locations":[{"start":{"line":25,"column":15},"end":{"line":25,"column":31}},{"start":{"line":25,"column":35},"end":{"line":25,"column":39}}],"line":25},"1":{"loc":{"start":{"line":40,"column":24},"end":{"line":40,"column":67}},"type":"binary-expr","locations":[{"start":{"line":40,"column":24},"end":{"line":40,"column":55}},{"start":{"line":40,"column":59},"end":{"line":40,"column":67}}],"line":40},"2":{"loc":{"start":{"line":63,"column":2},"end":{"line":69,"column":3}},"type":"if","locations":[{"start":{"line":63,"column":2},"end":{"line":69,"column":3}},{"start":{"line":63,"column":2},"end":{"line":69,"column":3}}],"line":63}},"s":{"0":1,"1":1,"2":1,"3":1,"4":1,"5":1,"6":1,"7":1,"8":1,"9":1,"10":1,"11":1,"12":1,"13":1,"14":1,"15":1,"16":1,"17":1,"18":6,"19":6,"20":1,"21":6,"22":6,"23":5,"24":6,"25":1,"26":1,"27":1,"28":1,"29":1,"30":1,"31":1,"32":1,"33":1,"34":0,"35":1},"f":{"0":1,"1":1,"2":1,"3":6,"4":6,"5":5,"6":1,"7":1,"8":0},"b":{"0":[1,1],"1":[6,6],"2":[1,0]},"_coverageSchema":"1a1c01bbd47fc00a2c39e90264f33305004495a9","hash":"7584a69202f09cfcb293fafe5fdc02a7196548d4","contentHash":"007314dbfcce9bcfbc11576860a8e6b44da7554417ee87ee71e94ab4f7655722"}
,"C:\\Users\\thien\\Work\\cmc-assignment\\order-capturing-service\\app\\api\\http\\server\\orders.js": {"path":"C:\\Users\\thien\\Work\\cmc-assignment\\order-capturing-service\\app\\api\\http\\server\\orders.js","statementMap":{"0":{"start":{"line":1,"column":24},"end":{"line":1,"column":64}},"1":{"start":{"line":2,"column":25},"end":{"line":2,"column":80}},"2":{"start":{"line":10,"column":39},"end":{"line":10,"column":47}},"3":{"start":{"line":11,"column":19},"end":{"line":11,"column":98}},"4":{"start":{"line":12,"column":2},"end":{"line":12,"column":66}},"5":{"start":{"line":13,"column":2},"end":{"line":13,"column":33}},"6":{"start":{"line":22,"column":22},"end":{"line":22,"column":32}},"7":{"start":{"line":23,"column":16},"end":{"line":23,"column":59}},"8":{"start":{"line":24,"column":2},"end":{"line":24,"column":30}},"9":{"start":{"line":27,"column":0},"end":{"line":30,"column":1}}},"fnMap":{"0":{"name":"createOrder","decl":{"start":{"line":9,"column":15},"end":{"line":9,"column":26}},"loc":{"start":{"line":9,"column":37},"end":{"line":14,"column":1}},"line":9},"1":{"name":"getOrderById","decl":{"start":{"line":21,"column":15},"end":{"line":21,"column":27}},"loc":{"start":{"line":21,"column":38},"end":{"line":25,"column":1}},"line":21}},"branchMap":{},"s":{"0":1,"1":1,"2":2,"3":2,"4":2,"5":2,"6":1,"7":1,"8":1,"9":1},"f":{"0":2,"1":1},"b":{},"_coverageSchema":"1a1c01bbd47fc00a2c39e90264f33305004495a9","hash":"18d5f67854787600c677f7fcec5f6d2c3f49f9ce","contentHash":"92832a30b9100805a258e56f92c3f3c9b3bc32d7da30a802f958952ba52e0821"}
,"C:\\Users\\thien\\Work\\cmc-assignment\\order-capturing-service\\app\\api\\rabbitmq\\in\\internal-orders-consumer.js": {"path":"C:\\Users\\thien\\Work\\cmc-assignment\\order-capturing-service\\app\\api\\rabbitmq\\in\\internal-orders-consumer.js","statementMap":{"0":{"start":{"line":1,"column":13},"end":{"line":1,"column":44}},"1":{"start":{"line":2,"column":25},"end":{"line":2,"column":51}},"2":{"start":{"line":4,"column":17},"end":{"line":4,"column":59}},"3":{"start":{"line":5,"column":31},"end":{"line":5,"column":56}},"4":{"start":{"line":7,"column":16},"end":{"line":7,"column":40}},"5":{"start":{"line":9,"column":18},"end":{"line":9,"column":20}},"6":{"start":{"line":11,"column":0},"end":{"line":60,"column":3}},"7":{"start":{"line":12,"column":2},"end":{"line":14,"column":3}},"8":{"start":{"line":13,"column":4},"end":{"line":13,"column":14}},"9":{"start":{"line":16,"column":2},"end":{"line":59,"column":5}},"10":{"start":{"line":17,"column":4},"end":{"line":19,"column":5}},"11":{"start":{"line":18,"column":6},"end":{"line":18,"column":19}},"12":{"start":{"line":21,"column":4},"end":{"line":23,"column":7}},"13":{"start":{"line":25,"column":4},"end":{"line":57,"column":7}},"14":{"start":{"line":28,"column":8},"end":{"line":30,"column":9}},"15":{"start":{"line":29,"column":10},"end":{"line":29,"column":23}},"16":{"start":{"line":32,"column":6},"end":{"line":32,"column":73}},"17":{"start":{"line":34,"column":6},"end":{"line":56,"column":26}},"18":{"start":{"line":35,"column":21},"end":{"line":35,"column":55}},"19":{"start":{"line":37,"column":8},"end":{"line":44,"column":11}},"20":{"start":{"line":46,"column":8},"end":{"line":55,"column":9}},"21":{"start":{"line":47,"column":10},"end":{"line":49,"column":11}},"22":{"start":{"line":47,"column":23},"end":{"line":47,"column":24}},"23":{"start":{"line":47,"column":32},"end":{"line":47,"column":48}},"24":{"start":{"line":48,"column":12},"end":{"line":48,"column":37}},"25":{"start":{"line":50,"column":10},"end":{"line":50,"column":33}},"26":{"start":{"line":51,"column":10},"end":{"line":51,"column":27}},"27":{"start":{"line":53,"column":10},"end":{"line":53,"column":74}},"28":{"start":{"line":54,"column":10},"end":{"line":54,"column":36}},"29":{"start":{"line":62,"column":0},"end":{"line":68,"column":1}},"30":{"start":{"line":64,"column":4},"end":{"line":66,"column":5}},"31":{"start":{"line":65,"column":6},"end":{"line":65,"column":31}}},"fnMap":{"0":{"name":"(anonymous_0)","decl":{"start":{"line":11,"column":23},"end":{"line":11,"column":24}},"loc":{"start":{"line":11,"column":49},"end":{"line":60,"column":1}},"line":11},"1":{"name":"(anonymous_1)","decl":{"start":{"line":16,"column":27},"end":{"line":16,"column":28}},"loc":{"start":{"line":16,"column":53},"end":{"line":59,"column":3}},"line":16},"2":{"name":"(anonymous_2)","decl":{"start":{"line":27,"column":9},"end":{"line":27,"column":10}},"loc":{"start":{"line":27,"column":29},"end":{"line":57,"column":5}},"line":27},"3":{"name":"(anonymous_3)","decl":{"start":{"line":34,"column":31},"end":{"line":34,"column":32}},"loc":{"start":{"line":34,"column":46},"end":{"line":56,"column":7}},"line":34},"4":{"name":"(anonymous_4)","decl":{"start":{"line":63,"column":2},"end":{"line":63,"column":3}},"loc":{"start":{"line":63,"column":23},"end":{"line":67,"column":3}},"line":63}},"branchMap":{"0":{"loc":{"start":{"line":4,"column":17},"end":{"line":4,"column":59}},"type":"binary-expr","locations":[{"start":{"line":4,"column":17},"end":{"line":4,"column":37}},{"start":{"line":4,"column":41},"end":{"line":4,"column":59}}],"line":4},"1":{"loc":{"start":{"line":12,"column":2},"end":{"line":14,"column":3}},"type":"if","locations":[{"start":{"line":12,"column":2},"end":{"line":14,"column":3}},{"start":{"line":12,"column":2},"end":{"line":14,"column":3}}],"line":12},"2":{"loc":{"start":{"line":17,"column":4},"end":{"line":19,"column":5}},"type":"if","locations":[{"start":{"line":17,"column":4},"end":{"line":19,"column":5}},{"start":{"line":17,"column":4},"end":{"line":19,"column":5}}],"line":17},"3":{"loc":{"start":{"line":28,"column":8},"end":{"line":30,"column":9}},"type":"if","locations":[{"start":{"line":28,"column":8},"end":{"line":30,"column":9}},{"start":{"line":28,"column":8},"end":{"line":30,"column":9}}],"line":28},"4":{"loc":{"start":{"line":64,"column":4},"end":{"line":66,"column":5}},"type":"if","locations":[{"start":{"line":64,"column":4},"end":{"line":66,"column":5}},{"start":{"line":64,"column":4},"end":{"line":66,"column":5}}],"line":64}},"s":{"0":1,"1":1,"2":1,"3":1,"4":1,"5":1,"6":1,"7":1,"8":0,"9":1,"10":1,"11":0,"12":1,"13":1,"14":1,"15":0,"16":1,"17":1,"18":2,"19":2,"20":2,"21":2,"22":2,"23":2,"24":2,"25":2,"26":2,"27":0,"28":0,"29":1,"30":1,"31":1},"f":{"0":1,"1":1,"2":1,"3":2,"4":1},"b":{"0":[1,1],"1":[0,1],"2":[0,1],"3":[0,1],"4":[1,0]},"_coverageSchema":"1a1c01bbd47fc00a2c39e90264f33305004495a9","hash":"50f45c2138a6f1434bfeea208e20f820a26e4e66","contentHash":"56283d3e49c0cc7e14e749bfadd12c177f2297285a7eac5156d44406cd8ed4b1"}
,"C:\\Users\\thien\\Work\\cmc-assignment\\order-capturing-service\\app\\api\\rabbitmq\\out\\internal-orders-publisher.js": {"path":"C:\\Users\\thien\\Work\\cmc-assignment\\order-capturing-service\\app\\api\\rabbitmq\\out\\internal-orders-publisher.js","statementMap":{"0":{"start":{"line":1,"column":13},"end":{"line":1,"column":44}},"1":{"start":{"line":2,"column":25},"end":{"line":2,"column":51}},"2":{"start":{"line":4,"column":17},"end":{"line":4,"column":59}},"3":{"start":{"line":5,"column":31},"end":{"line":5,"column":56}},"4":{"start":{"line":6,"column":15},"end":{"line":6,"column":39}},"5":{"start":{"line":8,"column":9},"end":{"line":8,"column":13}},"6":{"start":{"line":10,"column":0},"end":{"line":18,"column":3}},"7":{"start":{"line":11,"column":2},"end":{"line":17,"column":5}},"8":{"start":{"line":12,"column":4},"end":{"line":12,"column":17}},"9":{"start":{"line":14,"column":4},"end":{"line":16,"column":7}},"10":{"start":{"line":20,"column":0},"end":{"line":40,"column":1}},"11":{"start":{"line":21,"column":2},"end":{"line":39,"column":3}},"12":{"start":{"line":22,"column":4},"end":{"line":29,"column":6}},"13":{"start":{"line":31,"column":4},"end":{"line":38,"column":7}},"14":{"start":{"line":42,"column":0},"end":{"line":45,"column":3}},"15":{"start":{"line":43,"column":2},"end":{"line":43,"column":19}},"16":{"start":{"line":44,"column":2},"end":{"line":44,"column":42}}},"fnMap":{"0":{"name":"(anonymous_0)","decl":{"start":{"line":10,"column":23},"end":{"line":10,"column":24}},"loc":{"start":{"line":10,"column":44},"end":{"line":18,"column":1}},"line":10},"1":{"name":"(anonymous_1)","decl":{"start":{"line":11,"column":21},"end":{"line":11,"column":22}},"loc":{"start":{"line":11,"column":45},"end":{"line":17,"column":3}},"line":11},"2":{"name":"(anonymous_2)","decl":{"start":{"line":20,"column":30},"end":{"line":20,"column":31}},"loc":{"start":{"line":20,"column":61},"end":{"line":40,"column":1}},"line":20},"3":{"name":"(anonymous_3)","decl":{"start":{"line":42,"column":19},"end":{"line":42,"column":20}},"loc":{"start":{"line":42,"column":29},"end":{"line":45,"column":1}},"line":42}},"branchMap":{"0":{"loc":{"start":{"line":4,"column":17},"end":{"line":4,"column":59}},"type":"binary-expr","locations":[{"start":{"line":4,"column":17},"end":{"line":4,"column":37}},{"start":{"line":4,"column":41},"end":{"line":4,"column":59}}],"line":4},"1":{"loc":{"start":{"line":21,"column":2},"end":{"line":39,"column":3}},"type":"if","locations":[{"start":{"line":21,"column":2},"end":{"line":39,"column":3}},{"start":{"line":21,"column":2},"end":{"line":39,"column":3}}],"line":21},"2":{"loc":{"start":{"line":43,"column":2},"end":{"line":43,"column":18}},"type":"binary-expr","locations":[{"start":{"line":43,"column":2},"end":{"line":43,"column":4}},{"start":{"line":43,"column":8},"end":{"line":43,"column":18}}],"line":43}},"s":{"0":1,"1":1,"2":1,"3":1,"4":1,"5":1,"6":1,"7":1,"8":1,"9":1,"10":1,"11":2,"12":2,"13":2,"14":1,"15":1,"16":1},"f":{"0":1,"1":1,"2":2,"3":1},"b":{"0":[1,1],"1":[2,0],"2":[1,1]},"_coverageSchema":"1a1c01bbd47fc00a2c39e90264f33305004495a9","hash":"b1c52af9899fc24d6ae4488b8dbb2b1ffeff8bd6","contentHash":"2fbbdf2a94d6c45b3ec11602398f3050b6ec4394047053b5f52bae6def96749c"}
,"C:\\Users\\thien\\Work\\cmc-assignment\\order-capturing-service\\app\\api\\sqlite\\order-repository.js": {"path":"C:\\Users\\thien\\Work\\cmc-assignment\\order-capturing-service\\app\\api\\sqlite\\order-repository.js","statementMap":{"0":{"start":{"line":1,"column":11},"end":{"line":1,"column":37}},"1":{"start":{"line":3,"column":17},"end":{"line":3,"column":25}},"2":{"start":{"line":5,"column":15},"end":{"line":11,"column":1}},"3":{"start":{"line":13,"column":0},"end":{"line":15,"column":3}},"4":{"start":{"line":14,"column":2},"end":{"line":14,"column":65}},"5":{"start":{"line":18,"column":2},"end":{"line":30,"column":4}},"6":{"start":{"line":19,"column":4},"end":{"line":29,"column":6}},"7":{"start":{"line":23,"column":8},"end":{"line":25,"column":9}},"8":{"start":{"line":24,"column":10},"end":{"line":24,"column":29}},"9":{"start":{"line":27,"column":8},"end":{"line":27,"column":44}},"10":{"start":{"line":34,"column":2},"end":{"line":46,"column":5}},"11":{"start":{"line":35,"column":25},"end":{"line":35,"column":74}},"12":{"start":{"line":35,"column":52},"end":{"line":35,"column":73}},"13":{"start":{"line":36,"column":4},"end":{"line":45,"column":6}},"14":{"start":{"line":39,"column":8},"end":{"line":41,"column":9}},"15":{"start":{"line":40,"column":10},"end":{"line":40,"column":29}},"16":{"start":{"line":43,"column":8},"end":{"line":43,"column":37}},"17":{"start":{"line":50,"column":2},"end":{"line":58,"column":4}},"18":{"start":{"line":51,"column":4},"end":{"line":57,"column":7}},"19":{"start":{"line":52,"column":6},"end":{"line":54,"column":7}},"20":{"start":{"line":53,"column":8},"end":{"line":53,"column":27}},"21":{"start":{"line":56,"column":6},"end":{"line":56,"column":27}},"22":{"start":{"line":61,"column":0},"end":{"line":65,"column":1}}},"fnMap":{"0":{"name":"(anonymous_0)","decl":{"start":{"line":13,"column":13},"end":{"line":13,"column":14}},"loc":{"start":{"line":13,"column":19},"end":{"line":15,"column":1}},"line":13},"1":{"name":"insertOrder","decl":{"start":{"line":17,"column":9},"end":{"line":17,"column":20}},"loc":{"start":{"line":17,"column":68},"end":{"line":31,"column":1}},"line":17},"2":{"name":"(anonymous_2)","decl":{"start":{"line":18,"column":21},"end":{"line":18,"column":22}},"loc":{"start":{"line":18,"column":42},"end":{"line":30,"column":3}},"line":18},"3":{"name":"(anonymous_3)","decl":{"start":{"line":22,"column":6},"end":{"line":22,"column":7}},"loc":{"start":{"line":22,"column":21},"end":{"line":28,"column":7}},"line":22},"4":{"name":"udpateOrder","decl":{"start":{"line":33,"column":9},"end":{"line":33,"column":20}},"loc":{"start":{"line":33,"column":36},"end":{"line":47,"column":1}},"line":33},"5":{"name":"(anonymous_5)","decl":{"start":{"line":34,"column":21},"end":{"line":34,"column":22}},"loc":{"start":{"line":34,"column":42},"end":{"line":46,"column":3}},"line":34},"6":{"name":"(anonymous_6)","decl":{"start":{"line":35,"column":47},"end":{"line":35,"column":48}},"loc":{"start":{"line":35,"column":52},"end":{"line":35,"column":73}},"line":35},"7":{"name":"(anonymous_7)","decl":{"start":{"line":38,"column":6},"end":{"line":38,"column":7}},"loc":{"start":{"line":38,"column":21},"end":{"line":44,"column":7}},"line":38},"8":{"name":"getOrderById","decl":{"start":{"line":49,"column":9},"end":{"line":49,"column":21}},"loc":{"start":{"line":49,"column":31},"end":{"line":59,"column":1}},"line":49},"9":{"name":"(anonymous_9)","decl":{"start":{"line":50,"column":21},"end":{"line":50,"column":22}},"loc":{"start":{"line":50,"column":42},"end":{"line":58,"column":3}},"line":50},"10":{"name":"(anonymous_10)","decl":{"start":{"line":51,"column":65},"end":{"line":51,"column":66}},"loc":{"start":{"line":51,"column":80},"end":{"line":57,"column":5}},"line":51}},"branchMap":{"0":{"loc":{"start":{"line":23,"column":8},"end":{"line":25,"column":9}},"type":"if","locations":[{"start":{"line":23,"column":8},"end":{"line":25,"column":9}},{"start":{"line":23,"column":8},"end":{"line":25,"column":9}}],"line":23},"1":{"loc":{"start":{"line":39,"column":8},"end":{"line":41,"column":9}},"type":"if","locations":[{"start":{"line":39,"column":8},"end":{"line":41,"column":9}},{"start":{"line":39,"column":8},"end":{"line":41,"column":9}}],"line":39},"2":{"loc":{"start":{"line":52,"column":6},"end":{"line":54,"column":7}},"type":"if","locations":[{"start":{"line":52,"column":6},"end":{"line":54,"column":7}},{"start":{"line":52,"column":6},"end":{"line":54,"column":7}}],"line":52}},"s":{"0":1,"1":1,"2":1,"3":1,"4":1,"5":2,"6":2,"7":2,"8":0,"9":2,"10":2,"11":2,"12":10,"13":2,"14":2,"15":0,"16":2,"17":3,"18":3,"19":3,"20":0,"21":3,"22":1},"f":{"0":1,"1":2,"2":2,"3":2,"4":2,"5":2,"6":10,"7":2,"8":3,"9":3,"10":3},"b":{"0":[0,2],"1":[0,2],"2":[0,3]},"_coverageSchema":"1a1c01bbd47fc00a2c39e90264f33305004495a9","hash":"cc7abcd2f29293e9b04b4a151d84334e5e7b55a9","contentHash":"499b3890ae9b5441dd246b7f71f86ad63988e19b118415313259243d3051dbb8"}
,"C:\\Users\\thien\\Work\\cmc-assignment\\order-capturing-service\\app\\api\\sqlite\\sqlite-client.js": {"path":"C:\\Users\\thien\\Work\\cmc-assignment\\order-capturing-service\\app\\api\\sqlite\\sqlite-client.js","statementMap":{"0":{"start":{"line":1,"column":16},"end":{"line":1,"column":44}},"1":{"start":{"line":2,"column":11},"end":{"line":2,"column":43}},"2":{"start":{"line":4,"column":0},"end":{"line":4,"column":20}}},"fnMap":{},"branchMap":{},"s":{"0":1,"1":1,"2":1},"f":{},"b":{},"_coverageSchema":"1a1c01bbd47fc00a2c39e90264f33305004495a9","hash":"cc7ad44f0bef17afcc819702add6fc6695c06339","contentHash":"84256cbb7a0f8554b7361312baeb55618ba646b78ef7581e60822e10bba4784e"}
,"C:\\Users\\thien\\Work\\cmc-assignment\\order-capturing-service\\app\\service\\incoming-orders-handler.js": {"path":"C:\\Users\\thien\\Work\\cmc-assignment\\order-capturing-service\\app\\service\\incoming-orders-handler.js","statementMap":{"0":{"start":{"line":1,"column":22},"end":{"line":1,"column":66}},"1":{"start":{"line":2,"column":24},"end":{"line":2,"column":70}},"2":{"start":{"line":3,"column":24},"end":{"line":3,"column":65}},"3":{"start":{"line":5,"column":0},"end":{"line":28,"column":1}},"4":{"start":{"line":6,"column":22},"end":{"line":6,"column":30}},"5":{"start":{"line":7,"column":16},"end":{"line":7,"column":59}},"6":{"start":{"line":8,"column":23},"end":{"line":8,"column":89}},"7":{"start":{"line":10,"column":2},"end":{"line":10,"column":55}},"8":{"start":{"line":12,"column":2},"end":{"line":15,"column":3}},"9":{"start":{"line":13,"column":4},"end":{"line":13,"column":25}},"10":{"start":{"line":14,"column":4},"end":{"line":14,"column":55}},"11":{"start":{"line":17,"column":2},"end":{"line":17,"column":58}},"12":{"start":{"line":19,"column":18},"end":{"line":19,"column":87}},"13":{"start":{"line":21,"column":2},"end":{"line":24,"column":3}},"14":{"start":{"line":22,"column":4},"end":{"line":22,"column":25}},"15":{"start":{"line":23,"column":4},"end":{"line":23,"column":55}},"16":{"start":{"line":26,"column":2},"end":{"line":26,"column":27}},"17":{"start":{"line":27,"column":2},"end":{"line":27,"column":52}}},"fnMap":{"0":{"name":"(anonymous_0)","decl":{"start":{"line":5,"column":35},"end":{"line":5,"column":36}},"loc":{"start":{"line":5,"column":50},"end":{"line":28,"column":1}},"line":5}},"branchMap":{"0":{"loc":{"start":{"line":12,"column":2},"end":{"line":15,"column":3}},"type":"if","locations":[{"start":{"line":12,"column":2},"end":{"line":15,"column":3}},{"start":{"line":12,"column":2},"end":{"line":15,"column":3}}],"line":12},"1":{"loc":{"start":{"line":21,"column":2},"end":{"line":24,"column":3}},"type":"if","locations":[{"start":{"line":21,"column":2},"end":{"line":24,"column":3}},{"start":{"line":21,"column":2},"end":{"line":24,"column":3}}],"line":21}},"s":{"0":1,"1":1,"2":1,"3":1,"4":2,"5":2,"6":2,"7":2,"8":2,"9":0,"10":0,"11":2,"12":2,"13":2,"14":0,"15":0,"16":2,"17":2},"f":{"0":2},"b":{"0":[0,2],"1":[0,2]},"_coverageSchema":"1a1c01bbd47fc00a2c39e90264f33305004495a9","hash":"6aaaf75a3d372d152e0d14a407571afc8a940c7c","contentHash":"80030943b719926e28ac3d8f54bf06c3856088797e93202b2cc07a4ad07edb7b"}
}
