TN:
SF:app\index.js
FNF:0
FNH:0
DA:1,1
DA:2,1
DA:3,1
DA:4,1
DA:6,1
DA:8,1
LF:6
LH:6
BRF:0
BRH:0
end_of_record
TN:
SF:app\logger.js
FN:2,log
FN:11,createLogger
FN:15,(anonymous_2)
FN:20,(anonymous_3)
FN:25,(anonymous_4)
FNF:5
FNH:3
FNDA:16,log
FNDA:3,createLogger
FNDA:0,(anonymous_2)
FNDA:16,(anonymous_3)
FNDA:0,(anonymous_4)
DA:4,16
DA:5,16
DA:12,3
DA:14,3
DA:16,0
DA:17,0
DA:21,16
DA:22,16
DA:26,0
DA:31,1
LF:10
LH:7
BRDA:12,0,0,3
BRDA:12,0,1,3
BRDA:16,1,0,0
BRDA:16,1,1,0
BRDA:21,2,0,16
BRDA:21,2,1,0
BRDA:26,3,0,0
BRDA:26,3,1,0
BRF:8
BRH:3
end_of_record
TN:
SF:app\api\http\client\account-client.js
FN:6,getAccountById
FN:11,(anonymous_1)
FNF:2
FNH:2
FNDA:2,getAccountById
FNDA:2,(anonymous_1)
DA:1,1
DA:3,1
DA:5,1
DA:7,2
DA:11,2
DA:14,1
LF:6
LH:6
BRDA:3,0,0,1
BRDA:3,0,1,1
BRF:2
BRH:2
end_of_record
TN:
SF:app\api\http\client\inventory-client.js
FN:7,getItemById
FN:12,(anonymous_1)
FNF:2
FNH:2
FNDA:2,getItemById
FNDA:2,(anonymous_1)
DA:1,1
DA:3,1
DA:5,1
DA:8,2
DA:12,2
DA:15,1
LF:6
LH:6
BRDA:3,0,0,1
BRDA:3,0,1,1
BRF:2
BRH:2
end_of_record
TN:
SF:app\api\http\server\index.js
FN:17,initRoutes
FN:22,createServer
FN:26,(anonymous_2)
FN:39,(anonymous_3)
FN:45,(anonymous_4)
FN:50,(anonymous_5)
FN:59,(anonymous_6)
FN:64,(anonymous_7)
FN:71,(anonymous_8)
FNF:9
FNH:8
FNDA:1,initRoutes
FNDA:1,createServer
FNDA:1,(anonymous_2)
FNDA:6,(anonymous_3)
FNDA:6,(anonymous_4)
FNDA:5,(anonymous_5)
FNDA:1,(anonymous_6)
FNDA:1,(anonymous_7)
FNDA:0,(anonymous_8)
DA:1,1
DA:2,1
DA:3,1
DA:4,1
DA:5,1
DA:7,1
DA:8,1
DA:10,1
DA:18,1
DA:19,1
DA:23,1
DA:25,1
DA:26,1
DA:27,1
DA:30,1
DA:32,1
DA:35,1
DA:39,1
DA:40,6
DA:41,6
DA:45,1
DA:46,6
DA:50,6
DA:51,5
DA:56,6
DA:59,1
DA:61,1
DA:63,1
DA:64,1
DA:65,1
DA:66,1
DA:67,1
DA:71,1
DA:72,0
DA:76,1
LF:35
LH:34
BRDA:25,0,0,1
BRDA:25,0,1,1
BRDA:40,1,0,6
BRDA:40,1,1,6
BRDA:63,2,0,1
BRDA:63,2,1,0
BRF:6
BRH:5
end_of_record
TN:
SF:app\api\http\server\orders.js
FN:9,createOrder
FN:21,getOrderById
FNF:2
FNH:2
FNDA:2,createOrder
FNDA:1,getOrderById
DA:1,1
DA:2,1
DA:10,2
DA:11,2
DA:12,2
DA:13,2
DA:22,1
DA:23,1
DA:24,1
DA:27,1
LF:10
LH:10
BRF:0
BRH:0
end_of_record
TN:
SF:app\api\rabbitmq\in\internal-orders-consumer.js
FN:11,(anonymous_0)
FN:16,(anonymous_1)
FN:27,(anonymous_2)
FN:34,(anonymous_3)
FN:63,(anonymous_4)
FNF:5
FNH:5
FNDA:1,(anonymous_0)
FNDA:1,(anonymous_1)
FNDA:1,(anonymous_2)
FNDA:2,(anonymous_3)
FNDA:1,(anonymous_4)
DA:1,1
DA:2,1
DA:4,1
DA:5,1
DA:7,1
DA:9,1
DA:11,1
DA:12,1
DA:13,0
DA:16,1
DA:17,1
DA:18,0
DA:21,1
DA:25,1
DA:28,1
DA:29,0
DA:32,1
DA:34,1
DA:35,2
DA:37,2
DA:46,2
DA:47,2
DA:48,2
DA:50,2
DA:51,2
DA:53,0
DA:54,0
DA:62,1
DA:64,1
DA:65,1
LF:30
LH:25
BRDA:4,0,0,1
BRDA:4,0,1,1
BRDA:12,1,0,0
BRDA:12,1,1,1
BRDA:17,2,0,0
BRDA:17,2,1,1
BRDA:28,3,0,0
BRDA:28,3,1,1
BRDA:64,4,0,1
BRDA:64,4,1,0
BRF:10
BRH:6
end_of_record
TN:
SF:app\api\rabbitmq\out\internal-orders-publisher.js
FN:10,(anonymous_0)
FN:11,(anonymous_1)
FN:20,(anonymous_2)
FN:42,(anonymous_3)
FNF:4
FNH:4
FNDA:1,(anonymous_0)
FNDA:1,(anonymous_1)
FNDA:2,(anonymous_2)
FNDA:1,(anonymous_3)
DA:1,1
DA:2,1
DA:4,1
DA:5,1
DA:6,1
DA:8,1
DA:10,1
DA:11,1
DA:12,1
DA:14,1
DA:20,1
DA:21,2
DA:22,2
DA:31,2
DA:42,1
DA:43,1
DA:44,1
LF:17
LH:17
BRDA:4,0,0,1
BRDA:4,0,1,1
BRDA:21,1,0,2
BRDA:21,1,1,0
BRDA:43,2,0,1
BRDA:43,2,1,1
BRF:6
BRH:5
end_of_record
TN:
SF:app\api\sqlite\order-repository.js
FN:13,(anonymous_0)
FN:17,insertOrder
FN:18,(anonymous_2)
FN:22,(anonymous_3)
FN:33,udpateOrder
FN:34,(anonymous_5)
FN:35,(anonymous_6)
FN:38,(anonymous_7)
FN:49,getOrderById
FN:50,(anonymous_9)
FN:51,(anonymous_10)
FNF:11
FNH:11
FNDA:1,(anonymous_0)
FNDA:2,insertOrder
FNDA:2,(anonymous_2)
FNDA:2,(anonymous_3)
FNDA:2,udpateOrder
FNDA:2,(anonymous_5)
FNDA:10,(anonymous_6)
FNDA:2,(anonymous_7)
FNDA:3,getOrderById
FNDA:3,(anonymous_9)
FNDA:3,(anonymous_10)
DA:1,1
DA:3,1
DA:5,1
DA:13,1
DA:14,1
DA:18,2
DA:19,2
DA:23,2
DA:24,0
DA:27,2
DA:34,2
DA:35,10
DA:36,2
DA:39,2
DA:40,0
DA:43,2
DA:50,3
DA:51,3
DA:52,3
DA:53,0
DA:56,3
DA:61,1
LF:22
LH:19
BRDA:23,0,0,0
BRDA:23,0,1,2
BRDA:39,1,0,0
BRDA:39,1,1,2
BRDA:52,2,0,0
BRDA:52,2,1,3
BRF:6
BRH:3
end_of_record
TN:
SF:app\api\sqlite\sqlite-client.js
FNF:0
FNH:0
DA:1,1
DA:2,1
DA:4,1
LF:3
LH:3
BRF:0
BRH:0
end_of_record
TN:
SF:app\service\incoming-orders-handler.js
FN:5,(anonymous_0)
FNF:1
FNH:1
FNDA:2,(anonymous_0)
DA:1,1
DA:2,1
DA:3,1
DA:5,1
DA:6,2
DA:7,2
DA:8,2
DA:10,2
DA:12,2
DA:13,0
DA:14,0
DA:17,2
DA:19,2
DA:21,2
DA:22,0
DA:23,0
DA:26,2
DA:27,2
LF:18
LH:14
BRDA:12,0,0,0
BRDA:12,0,1,2
BRDA:21,1,0,0
BRDA:21,1,1,2
BRF:4
BRH:2
end_of_record
